[3.022s] Invoking command in '/home/neverdiedooms/ros2_ws/src/segurito_production': PYTHONPATH=/home/neverdiedooms/ros2_ws/build/segurito_production/prefix_override:/usr/lib/python3/dist-packages/colcon_core/task/python/colcon_distutils_commands:/home/neverdiedooms/ros2_ws/install/segurito_production/lib/python3.10/site-packages:${PYTHONPATH} /usr/bin/python3 -W ignore:setup.py install is deprecated -W ignore:easy_install command is deprecated setup.py egg_info --egg-base ../../build/segurito_production build --build-base /home/neverdiedooms/ros2_ws/build/segurito_production/build install --record /home/neverdiedooms/ros2_ws/build/segurito_production/install.log --single-version-externally-managed install_data
[4.207s] running egg_info
[4.210s] creating ../../build/segurito_production/segurito_production.egg-info
[4.210s] writing ../../build/segurito_production/segurito_production.egg-info/PKG-INFO
[4.212s] writing dependency_links to ../../build/segurito_production/segurito_production.egg-info/dependency_links.txt
[4.212s] writing entry points to ../../build/segurito_production/segurito_production.egg-info/entry_points.txt
[4.213s] writing requirements to ../../build/segurito_production/segurito_production.egg-info/requires.txt
[4.214s] writing top-level names to ../../build/segurito_production/segurito_production.egg-info/top_level.txt
[4.215s] writing manifest file '../../build/segurito_production/segurito_production.egg-info/SOURCES.txt'
[4.223s] reading manifest file '../../build/segurito_production/segurito_production.egg-info/SOURCES.txt'
[4.227s] writing manifest file '../../build/segurito_production/segurito_production.egg-info/SOURCES.txt'
[4.227s] running build
[4.228s] running build_py
[4.229s] creating /home/neverdiedooms/ros2_ws/build/segurito_production/build
[4.229s] creating /home/neverdiedooms/ros2_ws/build/segurito_production/build/lib
[4.230s] creating /home/neverdiedooms/ros2_ws/build/segurito_production/build/lib/segurito_production
[4.230s] copying segurito_production/__init__.py -> /home/neverdiedooms/ros2_ws/build/segurito_production/build/lib/segurito_production
[4.231s] copying segurito_production/drive_base.py -> /home/neverdiedooms/ros2_ws/build/segurito_production/build/lib/segurito_production
[4.231s] copying segurito_production/static_laser_tf.py -> /home/neverdiedooms/ros2_ws/build/segurito_production/build/lib/segurito_production
[4.232s] copying segurito_production/odometria_node.py -> /home/neverdiedooms/ros2_ws/build/segurito_production/build/lib/segurito_production
[4.233s] copying segurito_production/imu_node.py -> /home/neverdiedooms/ros2_ws/build/segurito_production/build/lib/segurito_production
[4.234s] running install
[4.236s] running install_lib
[4.239s] creating /home/neverdiedooms/ros2_ws/install/segurito_production/lib/python3.10/site-packages/segurito_production
[4.241s] copying /home/neverdiedooms/ros2_ws/build/segurito_production/build/lib/segurito_production/__init__.py -> /home/neverdiedooms/ros2_ws/install/segurito_production/lib/python3.10/site-packages/segurito_production
[4.241s] copying /home/neverdiedooms/ros2_ws/build/segurito_production/build/lib/segurito_production/drive_base.py -> /home/neverdiedooms/ros2_ws/install/segurito_production/lib/python3.10/site-packages/segurito_production
[4.242s] copying /home/neverdiedooms/ros2_ws/build/segurito_production/build/lib/segurito_production/static_laser_tf.py -> /home/neverdiedooms/ros2_ws/install/segurito_production/lib/python3.10/site-packages/segurito_production
[4.243s] copying /home/neverdiedooms/ros2_ws/build/segurito_production/build/lib/segurito_production/odometria_node.py -> /home/neverdiedooms/ros2_ws/install/segurito_production/lib/python3.10/site-packages/segurito_production
[4.244s] copying /home/neverdiedooms/ros2_ws/build/segurito_production/build/lib/segurito_production/imu_node.py -> /home/neverdiedooms/ros2_ws/install/segurito_production/lib/python3.10/site-packages/segurito_production
[4.247s] byte-compiling /home/neverdiedooms/ros2_ws/install/segurito_production/lib/python3.10/site-packages/segurito_production/__init__.py to __init__.cpython-310.pyc
[4.248s] byte-compiling /home/neverdiedooms/ros2_ws/install/segurito_production/lib/python3.10/site-packages/segurito_production/drive_base.py to drive_base.cpython-310.pyc
[4.253s] byte-compiling /home/neverdiedooms/ros2_ws/install/segurito_production/lib/python3.10/site-packages/segurito_production/static_laser_tf.py to static_laser_tf.cpython-310.pyc
[4.255s] byte-compiling /home/neverdiedooms/ros2_ws/install/segurito_production/lib/python3.10/site-packages/segurito_production/odometria_node.py to odometria_node.cpython-310.pyc
[4.260s] byte-compiling /home/neverdiedooms/ros2_ws/install/segurito_production/lib/python3.10/site-packages/segurito_production/imu_node.py to imu_node.cpython-310.pyc
[4.264s] running install_data
[4.266s] creating /home/neverdiedooms/ros2_ws/install/segurito_production/share/ament_index
[4.267s] creating /home/neverdiedooms/ros2_ws/install/segurito_production/share/ament_index/resource_index
[4.268s] creating /home/neverdiedooms/ros2_ws/install/segurito_production/share/ament_index/resource_index/packages
[4.268s] copying resource/segurito_production -> /home/neverdiedooms/ros2_ws/install/segurito_production/share/ament_index/resource_index/packages
[4.269s] copying package.xml -> /home/neverdiedooms/ros2_ws/install/segurito_production/share/segurito_production
[4.269s] creating /home/neverdiedooms/ros2_ws/install/segurito_production/share/segurito_production/launch
[4.270s] copying launch/mapping_launch.py -> /home/neverdiedooms/ros2_ws/install/segurito_production/share/segurito_production/launch
[4.270s] creating /home/neverdiedooms/ros2_ws/install/segurito_production/share/segurito_production/config
[4.271s] copying config/ekf.yaml -> /home/neverdiedooms/ros2_ws/install/segurito_production/share/segurito_production/config
[4.271s] copying config/nav2_params.yaml -> /home/neverdiedooms/ros2_ws/install/segurito_production/share/segurito_production/config
[4.272s] copying config/slam_localization.yaml -> /home/neverdiedooms/ros2_ws/install/segurito_production/share/segurito_production/config
[4.273s] copying config/slam_mapping.yaml -> /home/neverdiedooms/ros2_ws/install/segurito_production/share/segurito_production/config
[4.273s] copying config/nav2_params copy.yaml -> /home/neverdiedooms/ros2_ws/install/segurito_production/share/segurito_production/config
[4.274s] copying config/dummy_map.yaml -> /home/neverdiedooms/ros2_ws/install/segurito_production/share/segurito_production/config
[4.275s] copying config/dummy.pgm -> /home/neverdiedooms/ros2_ws/install/segurito_production/share/segurito_production/config
[4.276s] creating /home/neverdiedooms/ros2_ws/install/segurito_production/share/segurito_production/maps
[4.276s] running install_egg_info
[4.284s] Copying ../../build/segurito_production/segurito_production.egg-info to /home/neverdiedooms/ros2_ws/install/segurito_production/lib/python3.10/site-packages/segurito_production-0.0.0-py3.10.egg-info
[4.290s] running install_scripts
[4.381s] Installing drive_base script to /home/neverdiedooms/ros2_ws/install/segurito_production/lib/segurito_production
[4.382s] Installing imu_node script to /home/neverdiedooms/ros2_ws/install/segurito_production/lib/segurito_production
[4.383s] Installing odometria script to /home/neverdiedooms/ros2_ws/install/segurito_production/lib/segurito_production
[4.384s] Installing static_laser_tf script to /home/neverdiedooms/ros2_ws/install/segurito_production/lib/segurito_production
[4.386s] writing list of installed files to '/home/neverdiedooms/ros2_ws/build/segurito_production/install.log'
[4.513s] Invoked command in '/home/neverdiedooms/ros2_ws/src/segurito_production' returned '0': PYTHONPATH=/home/neverdiedooms/ros2_ws/build/segurito_production/prefix_override:/usr/lib/python3/dist-packages/colcon_core/task/python/colcon_distutils_commands:/home/neverdiedooms/ros2_ws/install/segurito_production/lib/python3.10/site-packages:${PYTHONPATH} /usr/bin/python3 -W ignore:setup.py install is deprecated -W ignore:easy_install command is deprecated setup.py egg_info --egg-base ../../build/segurito_production build --build-base /home/neverdiedooms/ros2_ws/build/segurito_production/build install --record /home/neverdiedooms/ros2_ws/build/segurito_production/install.log --single-version-externally-managed install_data
