[3.026s] Invoking command in '/home/neverdiedooms/ros2_ws/src/segurito_production': PYTHONPATH=/home/neverdiedooms/ros2_ws/build/segurito_production/prefix_override:/usr/lib/python3/dist-packages/colcon_core/task/python/colcon_distutils_commands:/home/neverdiedooms/ros2_ws/install/segurito_production/lib/python3.10/site-packages:${PYTHONPATH} /usr/bin/python3 -W ignore:setup.py install is deprecated -W ignore:easy_install command is deprecated setup.py egg_info --egg-base ../../build/segurito_production build --build-base /home/neverdiedooms/ros2_ws/build/segurito_production/build install --record /home/neverdiedooms/ros2_ws/build/segurito_production/install.log --single-version-externally-managed install_data
[4.180s] running egg_info
[4.182s] creating ../../build/segurito_production/segurito_production.egg-info
[4.183s] writing ../../build/segurito_production/segurito_production.egg-info/PKG-INFO
[4.184s] writing dependency_links to ../../build/segurito_production/segurito_production.egg-info/dependency_links.txt
[4.185s] writing entry points to ../../build/segurito_production/segurito_production.egg-info/entry_points.txt
[4.186s] writing requirements to ../../build/segurito_production/segurito_production.egg-info/requires.txt
[4.186s] writing top-level names to ../../build/segurito_production/segurito_production.egg-info/top_level.txt
[4.187s] writing manifest file '../../build/segurito_production/segurito_production.egg-info/SOURCES.txt'
[4.195s] reading manifest file '../../build/segurito_production/segurito_production.egg-info/SOURCES.txt'
[4.199s] writing manifest file '../../build/segurito_production/segurito_production.egg-info/SOURCES.txt'
[4.200s] running build
[4.200s] running build_py
[4.201s] creating /home/neverdiedooms/ros2_ws/build/segurito_production/build
[4.202s] creating /home/neverdiedooms/ros2_ws/build/segurito_production/build/lib
[4.203s] creating /home/neverdiedooms/ros2_ws/build/segurito_production/build/lib/segurito_production
[4.203s] copying segurito_production/__init__.py -> /home/neverdiedooms/ros2_ws/build/segurito_production/build/lib/segurito_production
[4.204s] copying segurito_production/drive_base.py -> /home/neverdiedooms/ros2_ws/build/segurito_production/build/lib/segurito_production
[4.204s] copying segurito_production/static_laser_tf.py -> /home/neverdiedooms/ros2_ws/build/segurito_production/build/lib/segurito_production
[4.204s] copying segurito_production/odometria_node.py -> /home/neverdiedooms/ros2_ws/build/segurito_production/build/lib/segurito_production
[4.205s] copying segurito_production/imu_node.py -> /home/neverdiedooms/ros2_ws/build/segurito_production/build/lib/segurito_production
[4.207s] running install
[4.208s] running install_lib
[4.212s] creating /home/neverdiedooms/ros2_ws/install/segurito_production/lib/python3.10/site-packages/segurito_production
[4.213s] copying /home/neverdiedooms/ros2_ws/build/segurito_production/build/lib/segurito_production/__init__.py -> /home/neverdiedooms/ros2_ws/install/segurito_production/lib/python3.10/site-packages/segurito_production
[4.213s] copying /home/neverdiedooms/ros2_ws/build/segurito_production/build/lib/segurito_production/drive_base.py -> /home/neverdiedooms/ros2_ws/install/segurito_production/lib/python3.10/site-packages/segurito_production
[4.214s] copying /home/neverdiedooms/ros2_ws/build/segurito_production/build/lib/segurito_production/static_laser_tf.py -> /home/neverdiedooms/ros2_ws/install/segurito_production/lib/python3.10/site-packages/segurito_production
[4.215s] copying /home/neverdiedooms/ros2_ws/build/segurito_production/build/lib/segurito_production/odometria_node.py -> /home/neverdiedooms/ros2_ws/install/segurito_production/lib/python3.10/site-packages/segurito_production
[4.216s] copying /home/neverdiedooms/ros2_ws/build/segurito_production/build/lib/segurito_production/imu_node.py -> /home/neverdiedooms/ros2_ws/install/segurito_production/lib/python3.10/site-packages/segurito_production
[4.219s] byte-compiling /home/neverdiedooms/ros2_ws/install/segurito_production/lib/python3.10/site-packages/segurito_production/__init__.py to __init__.cpython-310.pyc
[4.220s] byte-compiling /home/neverdiedooms/ros2_ws/install/segurito_production/lib/python3.10/site-packages/segurito_production/drive_base.py to drive_base.cpython-310.pyc
[4.225s] byte-compiling /home/neverdiedooms/ros2_ws/install/segurito_production/lib/python3.10/site-packages/segurito_production/static_laser_tf.py to static_laser_tf.cpython-310.pyc
[4.227s] byte-compiling /home/neverdiedooms/ros2_ws/install/segurito_production/lib/python3.10/site-packages/segurito_production/odometria_node.py to odometria_node.cpython-310.pyc
[4.231s] byte-compiling /home/neverdiedooms/ros2_ws/install/segurito_production/lib/python3.10/site-packages/segurito_production/imu_node.py to imu_node.cpython-310.pyc
[4.235s] running install_data
[4.236s] creating /home/neverdiedooms/ros2_ws/install/segurito_production/share/ament_index
[4.237s] creating /home/neverdiedooms/ros2_ws/install/segurito_production/share/ament_index/resource_index
[4.237s] creating /home/neverdiedooms/ros2_ws/install/segurito_production/share/ament_index/resource_index/packages
[4.238s] copying resource/segurito_production -> /home/neverdiedooms/ros2_ws/install/segurito_production/share/ament_index/resource_index/packages
[4.239s] copying package.xml -> /home/neverdiedooms/ros2_ws/install/segurito_production/share/segurito_production
[4.239s] creating /home/neverdiedooms/ros2_ws/install/segurito_production/share/segurito_production/launch
[4.240s] copying launch/mapping_launch.py -> /home/neverdiedooms/ros2_ws/install/segurito_production/share/segurito_production/launch
[4.240s] creating /home/neverdiedooms/ros2_ws/install/segurito_production/share/segurito_production/config
[4.241s] copying config/ekf.yaml -> /home/neverdiedooms/ros2_ws/install/segurito_production/share/segurito_production/config
[4.241s] copying config/nav2_params.yaml -> /home/neverdiedooms/ros2_ws/install/segurito_production/share/segurito_production/config
[4.242s] copying config/slam_localization.yaml -> /home/neverdiedooms/ros2_ws/install/segurito_production/share/segurito_production/config
[4.243s] copying config/slam_mapping.yaml -> /home/neverdiedooms/ros2_ws/install/segurito_production/share/segurito_production/config
[4.243s] copying config/nav2_params copy.yaml -> /home/neverdiedooms/ros2_ws/install/segurito_production/share/segurito_production/config
[4.245s] copying config/dummy_map.yaml -> /home/neverdiedooms/ros2_ws/install/segurito_production/share/segurito_production/config
[4.246s] copying config/dummy.pgm -> /home/neverdiedooms/ros2_ws/install/segurito_production/share/segurito_production/config
[4.246s] creating /home/neverdiedooms/ros2_ws/install/segurito_production/share/segurito_production/maps
[4.247s] running install_egg_info
[4.254s] Copying ../../build/segurito_production/segurito_production.egg-info to /home/neverdiedooms/ros2_ws/install/segurito_production/lib/python3.10/site-packages/segurito_production-0.0.0-py3.10.egg-info
[4.261s] running install_scripts
[4.349s] Installing drive_base script to /home/neverdiedooms/ros2_ws/install/segurito_production/lib/segurito_production
[4.349s] Installing imu_node script to /home/neverdiedooms/ros2_ws/install/segurito_production/lib/segurito_production
[4.350s] Installing odometria script to /home/neverdiedooms/ros2_ws/install/segurito_production/lib/segurito_production
[4.351s] Installing static_laser_tf script to /home/neverdiedooms/ros2_ws/install/segurito_production/lib/segurito_production
[4.353s] writing list of installed files to '/home/neverdiedooms/ros2_ws/build/segurito_production/install.log'
[4.468s] Invoked command in '/home/neverdiedooms/ros2_ws/src/segurito_production' returned '0': PYTHONPATH=/home/neverdiedooms/ros2_ws/build/segurito_production/prefix_override:/usr/lib/python3/dist-packages/colcon_core/task/python/colcon_distutils_commands:/home/neverdiedooms/ros2_ws/install/segurito_production/lib/python3.10/site-packages:${PYTHONPATH} /usr/bin/python3 -W ignore:setup.py install is deprecated -W ignore:easy_install command is deprecated setup.py egg_info --egg-base ../../build/segurito_production build --build-base /home/neverdiedooms/ros2_ws/build/segurito_production/build install --record /home/neverdiedooms/ros2_ws/build/segurito_production/install.log --single-version-externally-managed install_data
