[2.991s] Invoking command in '/home/neverdiedooms/ros2_ws/src/segurito_production': PYTHONPATH=/home/neverdiedooms/ros2_ws/build/segurito_production/prefix_override:/usr/lib/python3/dist-packages/colcon_core/task/python/colcon_distutils_commands:/home/neverdiedooms/ros2_ws/install/segurito_production/lib/python3.10/site-packages:${PYTHONPATH} /usr/bin/python3 -W ignore:setup.py install is deprecated -W ignore:easy_install command is deprecated setup.py egg_info --egg-base ../../build/segurito_production build --build-base /home/neverdiedooms/ros2_ws/build/segurito_production/build install --record /home/neverdiedooms/ros2_ws/build/segurito_production/install.log --single-version-externally-managed install_data
[4.167s] running egg_info
[4.170s] writing ../../build/segurito_production/segurito_production.egg-info/PKG-INFO
[4.171s] writing dependency_links to ../../build/segurito_production/segurito_production.egg-info/dependency_links.txt
[4.172s] writing entry points to ../../build/segurito_production/segurito_production.egg-info/entry_points.txt
[4.173s] writing requirements to ../../build/segurito_production/segurito_production.egg-info/requires.txt
[4.174s] writing top-level names to ../../build/segurito_production/segurito_production.egg-info/top_level.txt
[4.183s] reading manifest file '../../build/segurito_production/segurito_production.egg-info/SOURCES.txt'
[4.188s] writing manifest file '../../build/segurito_production/segurito_production.egg-info/SOURCES.txt'
[4.189s] running build
[4.189s] running build_py
[4.191s] copying segurito_production/static_laser_tf.py -> /home/neverdiedooms/ros2_ws/build/segurito_production/build/lib/segurito_production
[4.193s] running install
[4.194s] running install_lib
[4.198s] copying /home/neverdiedooms/ros2_ws/build/segurito_production/build/lib/segurito_production/static_laser_tf.py -> /home/neverdiedooms/ros2_ws/install/segurito_production/lib/python3.10/site-packages/segurito_production
[4.202s] byte-compiling /home/neverdiedooms/ros2_ws/install/segurito_production/lib/python3.10/site-packages/segurito_production/static_laser_tf.py to static_laser_tf.cpython-310.pyc
[4.205s] running install_data
[4.207s] running install_egg_info
[4.215s] removing '/home/neverdiedooms/ros2_ws/install/segurito_production/lib/python3.10/site-packages/segurito_production-0.0.0-py3.10.egg-info' (and everything under it)
[4.217s] Copying ../../build/segurito_production/segurito_production.egg-info to /home/neverdiedooms/ros2_ws/install/segurito_production/lib/python3.10/site-packages/segurito_production-0.0.0-py3.10.egg-info
[4.225s] running install_scripts
[4.312s] Installing drive_base script to /home/neverdiedooms/ros2_ws/install/segurito_production/lib/segurito_production
[4.313s] Installing imu_node script to /home/neverdiedooms/ros2_ws/install/segurito_production/lib/segurito_production
[4.314s] Installing odometria script to /home/neverdiedooms/ros2_ws/install/segurito_production/lib/segurito_production
[4.314s] Installing static_laser_tf script to /home/neverdiedooms/ros2_ws/install/segurito_production/lib/segurito_production
[4.316s] writing list of installed files to '/home/neverdiedooms/ros2_ws/build/segurito_production/install.log'
[4.435s] Invoked command in '/home/neverdiedooms/ros2_ws/src/segurito_production' returned '0': PYTHONPATH=/home/neverdiedooms/ros2_ws/build/segurito_production/prefix_override:/usr/lib/python3/dist-packages/colcon_core/task/python/colcon_distutils_commands:/home/neverdiedooms/ros2_ws/install/segurito_production/lib/python3.10/site-packages:${PYTHONPATH} /usr/bin/python3 -W ignore:setup.py install is deprecated -W ignore:easy_install command is deprecated setup.py egg_info --egg-base ../../build/segurito_production build --build-base /home/neverdiedooms/ros2_ws/build/segurito_production/build install --record /home/neverdiedooms/ros2_ws/build/segurito_production/install.log --single-version-externally-managed install_data
