[3.679s] Invoking command in '/home/neverdiedooms/ros2_ws/build/segurito_production': PYTHONPATH=/home/neverdiedooms/ros2_ws/build/segurito_production/prefix_override:/usr/lib/python3/dist-packages/colcon_core/task/python/colcon_distutils_commands:/home/neverdiedooms/ros2_ws/install/segurito_production/lib/python3.10/site-packages:${PYTHONPATH} /usr/bin/python3 -W ignore:setup.py install is deprecated -W ignore:easy_install command is deprecated setup.py develop --editable --build-directory /home/neverdiedooms/ros2_ws/build/segurito_production/build --no-deps symlink_data
[4.935s] running develop
[5.703s] running egg_info
[5.704s] creating segurito_production.egg-info
[5.707s] writing segurito_production.egg-info/PKG-INFO
[5.708s] writing dependency_links to segurito_production.egg-info/dependency_links.txt
[5.709s] writing entry points to segurito_production.egg-info/entry_points.txt
[5.709s] writing requirements to segurito_production.egg-info/requires.txt
[5.710s] writing top-level names to segurito_production.egg-info/top_level.txt
[5.710s] writing manifest file 'segurito_production.egg-info/SOURCES.txt'
[5.716s] reading manifest file 'segurito_production.egg-info/SOURCES.txt'
[5.720s] writing manifest file 'segurito_production.egg-info/SOURCES.txt'
[5.727s] running build_ext
[5.728s] Creating /home/neverdiedooms/ros2_ws/install/segurito_production/lib/python3.10/site-packages/segurito-production.egg-link (link to .)
[5.733s] Installing drive_base script to /home/neverdiedooms/ros2_ws/install/segurito_production/lib/segurito_production
[5.734s] Installing imu_node script to /home/neverdiedooms/ros2_ws/install/segurito_production/lib/segurito_production
[5.735s] Installing odometria script to /home/neverdiedooms/ros2_ws/install/segurito_production/lib/segurito_production
[5.736s] Installing static_laser_tf script to /home/neverdiedooms/ros2_ws/install/segurito_production/lib/segurito_production
[5.737s] 
[5.738s] Installed /home/neverdiedooms/ros2_ws/build/segurito_production
[5.739s] running symlink_data
[5.740s] creating /home/neverdiedooms/ros2_ws/install/segurito_production/share/ament_index
[5.741s] creating /home/neverdiedooms/ros2_ws/install/segurito_production/share/ament_index/resource_index
[5.743s] creating /home/neverdiedooms/ros2_ws/install/segurito_production/share/ament_index/resource_index/packages
[5.744s] symbolically linking /home/neverdiedooms/ros2_ws/build/segurito_production/resource/segurito_production -> /home/neverdiedooms/ros2_ws/install/segurito_production/share/ament_index/resource_index/packages
[5.745s] symbolically linking /home/neverdiedooms/ros2_ws/build/segurito_production/package.xml -> /home/neverdiedooms/ros2_ws/install/segurito_production/share/segurito_production
[5.746s] creating /home/neverdiedooms/ros2_ws/install/segurito_production/share/segurito_production/launch
[5.747s] symbolically linking /home/neverdiedooms/ros2_ws/build/segurito_production/launch/mapping_launch.py -> /home/neverdiedooms/ros2_ws/install/segurito_production/share/segurito_production/launch
[5.748s] creating /home/neverdiedooms/ros2_ws/install/segurito_production/share/segurito_production/config
[5.749s] symbolically linking /home/neverdiedooms/ros2_ws/build/segurito_production/config/ekf.yaml -> /home/neverdiedooms/ros2_ws/install/segurito_production/share/segurito_production/config
[5.751s] symbolically linking /home/neverdiedooms/ros2_ws/build/segurito_production/config/nav2_params.yaml -> /home/neverdiedooms/ros2_ws/install/segurito_production/share/segurito_production/config
[5.752s] symbolically linking /home/neverdiedooms/ros2_ws/build/segurito_production/config/slam_localization.yaml -> /home/neverdiedooms/ros2_ws/install/segurito_production/share/segurito_production/config
[5.754s] symbolically linking /home/neverdiedooms/ros2_ws/build/segurito_production/config/slam_mapping.yaml -> /home/neverdiedooms/ros2_ws/install/segurito_production/share/segurito_production/config
[5.756s] symbolically linking /home/neverdiedooms/ros2_ws/build/segurito_production/config/nav2_params copy.yaml -> /home/neverdiedooms/ros2_ws/install/segurito_production/share/segurito_production/config
[5.758s] symbolically linking /home/neverdiedooms/ros2_ws/build/segurito_production/config/dummy_map.yaml -> /home/neverdiedooms/ros2_ws/install/segurito_production/share/segurito_production/config
[5.759s] symbolically linking /home/neverdiedooms/ros2_ws/build/segurito_production/config/dummy.pgm -> /home/neverdiedooms/ros2_ws/install/segurito_production/share/segurito_production/config
[5.760s] creating /home/neverdiedooms/ros2_ws/install/segurito_production/share/segurito_production/maps
[5.891s] Invoked command in '/home/neverdiedooms/ros2_ws/build/segurito_production' returned '0': PYTHONPATH=/home/neverdiedooms/ros2_ws/build/segurito_production/prefix_override:/usr/lib/python3/dist-packages/colcon_core/task/python/colcon_distutils_commands:/home/neverdiedooms/ros2_ws/install/segurito_production/lib/python3.10/site-packages:${PYTHONPATH} /usr/bin/python3 -W ignore:setup.py install is deprecated -W ignore:easy_install command is deprecated setup.py develop --editable --build-directory /home/neverdiedooms/ros2_ws/build/segurito_production/build --no-deps symlink_data
