[3.329s] Invoking command in '/home/neverdiedooms/ros2_ws/src/segurito_production': PYTHONPATH=/home/neverdiedooms/ros2_ws/build/segurito_production/prefix_override:/usr/lib/python3/dist-packages/colcon_core/task/python/colcon_distutils_commands:/home/neverdiedooms/ros2_ws/install/segurito_production/lib/python3.10/site-packages:${PYTHONPATH} /usr/bin/python3 -W ignore:setup.py install is deprecated -W ignore:easy_install command is deprecated setup.py egg_info --egg-base ../../build/segurito_production build --build-base /home/neverdiedooms/ros2_ws/build/segurito_production/build install --record /home/neverdiedooms/ros2_ws/build/segurito_production/install.log --single-version-externally-managed install_data
[4.616s] running egg_info
[4.619s] writing ../../build/segurito_production/segurito_production.egg-info/PKG-INFO
[4.620s] writing dependency_links to ../../build/segurito_production/segurito_production.egg-info/dependency_links.txt
[4.621s] writing entry points to ../../build/segurito_production/segurito_production.egg-info/entry_points.txt
[4.622s] writing requirements to ../../build/segurito_production/segurito_production.egg-info/requires.txt
[4.623s] writing top-level names to ../../build/segurito_production/segurito_production.egg-info/top_level.txt
[4.634s] reading manifest file '../../build/segurito_production/segurito_production.egg-info/SOURCES.txt'
[4.640s] writing manifest file '../../build/segurito_production/segurito_production.egg-info/SOURCES.txt'
[4.641s] running build
[4.641s] running build_py
[4.642s] copying segurito_production/odometria_node.py -> /home/neverdiedooms/ros2_ws/build/segurito_production/build/lib/segurito_production
[4.645s] running install
[4.646s] running install_lib
[4.651s] copying /home/neverdiedooms/ros2_ws/build/segurito_production/build/lib/segurito_production/odometria_node.py -> /home/neverdiedooms/ros2_ws/install/segurito_production/lib/python3.10/site-packages/segurito_production
[4.656s] byte-compiling /home/neverdiedooms/ros2_ws/install/segurito_production/lib/python3.10/site-packages/segurito_production/odometria_node.py to odometria_node.cpython-310.pyc
[4.662s] running install_data
[4.663s] copying config/nav2_params.yaml -> /home/neverdiedooms/ros2_ws/install/segurito_production/share/segurito_production/config
[4.666s] running install_egg_info
[4.674s] removing '/home/neverdiedooms/ros2_ws/install/segurito_production/lib/python3.10/site-packages/segurito_production-0.0.0-py3.10.egg-info' (and everything under it)
[4.676s] Copying ../../build/segurito_production/segurito_production.egg-info to /home/neverdiedooms/ros2_ws/install/segurito_production/lib/python3.10/site-packages/segurito_production-0.0.0-py3.10.egg-info
[4.684s] running install_scripts
[4.777s] Installing drive_base script to /home/neverdiedooms/ros2_ws/install/segurito_production/lib/segurito_production
[4.778s] Installing imu_node script to /home/neverdiedooms/ros2_ws/install/segurito_production/lib/segurito_production
[4.779s] Installing odometria script to /home/neverdiedooms/ros2_ws/install/segurito_production/lib/segurito_production
[4.779s] Installing static_laser_tf script to /home/neverdiedooms/ros2_ws/install/segurito_production/lib/segurito_production
[4.782s] writing list of installed files to '/home/neverdiedooms/ros2_ws/build/segurito_production/install.log'
[4.908s] Invoked command in '/home/neverdiedooms/ros2_ws/src/segurito_production' returned '0': PYTHONPATH=/home/neverdiedooms/ros2_ws/build/segurito_production/prefix_override:/usr/lib/python3/dist-packages/colcon_core/task/python/colcon_distutils_commands:/home/neverdiedooms/ros2_ws/install/segurito_production/lib/python3.10/site-packages:${PYTHONPATH} /usr/bin/python3 -W ignore:setup.py install is deprecated -W ignore:easy_install command is deprecated setup.py egg_info --egg-base ../../build/segurito_production build --build-base /home/neverdiedooms/ros2_ws/build/segurito_production/build install --record /home/neverdiedooms/ros2_ws/build/segurito_production/install.log --single-version-externally-managed install_data
