[3.142s] Invoking command in '/home/neverdiedooms/ros2_ws/src/segurito_production': PYTHONPATH=/home/neverdiedooms/ros2_ws/build/segurito_production/prefix_override:/usr/lib/python3/dist-packages/colcon_core/task/python/colcon_distutils_commands:/home/neverdiedooms/ros2_ws/install/segurito_production/lib/python3.10/site-packages:${PYTHONPATH} /usr/bin/python3 -W ignore:setup.py install is deprecated -W ignore:easy_install command is deprecated setup.py egg_info --egg-base ../../build/segurito_production build --build-base /home/neverdiedooms/ros2_ws/build/segurito_production/build install --record /home/neverdiedooms/ros2_ws/build/segurito_production/install.log --single-version-externally-managed install_data
[4.314s] running egg_info
[4.316s] creating ../../build/segurito_production/segurito_production.egg-info
[4.317s] writing ../../build/segurito_production/segurito_production.egg-info/PKG-INFO
[4.318s] writing dependency_links to ../../build/segurito_production/segurito_production.egg-info/dependency_links.txt
[4.319s] writing entry points to ../../build/segurito_production/segurito_production.egg-info/entry_points.txt
[4.320s] writing requirements to ../../build/segurito_production/segurito_production.egg-info/requires.txt
[4.320s] writing top-level names to ../../build/segurito_production/segurito_production.egg-info/top_level.txt
[4.321s] writing manifest file '../../build/segurito_production/segurito_production.egg-info/SOURCES.txt'
[4.330s] reading manifest file '../../build/segurito_production/segurito_production.egg-info/SOURCES.txt'
[4.334s] writing manifest file '../../build/segurito_production/segurito_production.egg-info/SOURCES.txt'
[4.335s] running build
[4.336s] running build_py
[4.337s] creating /home/neverdiedooms/ros2_ws/build/segurito_production/build
[4.338s] creating /home/neverdiedooms/ros2_ws/build/segurito_production/build/lib
[4.339s] creating /home/neverdiedooms/ros2_ws/build/segurito_production/build/lib/segurito_production
[4.339s] copying segurito_production/__init__.py -> /home/neverdiedooms/ros2_ws/build/segurito_production/build/lib/segurito_production
[4.340s] copying segurito_production/drive_base.py -> /home/neverdiedooms/ros2_ws/build/segurito_production/build/lib/segurito_production
[4.340s] copying segurito_production/static_laser_tf.py -> /home/neverdiedooms/ros2_ws/build/segurito_production/build/lib/segurito_production
[4.341s] copying segurito_production/odometria_node.py -> /home/neverdiedooms/ros2_ws/build/segurito_production/build/lib/segurito_production
[4.341s] copying segurito_production/imu_node.py -> /home/neverdiedooms/ros2_ws/build/segurito_production/build/lib/segurito_production
[4.343s] running install
[4.344s] running install_lib
[4.347s] creating /home/neverdiedooms/ros2_ws/install/segurito_production/lib/python3.10/site-packages/segurito_production
[4.348s] copying /home/neverdiedooms/ros2_ws/build/segurito_production/build/lib/segurito_production/__init__.py -> /home/neverdiedooms/ros2_ws/install/segurito_production/lib/python3.10/site-packages/segurito_production
[4.349s] copying /home/neverdiedooms/ros2_ws/build/segurito_production/build/lib/segurito_production/drive_base.py -> /home/neverdiedooms/ros2_ws/install/segurito_production/lib/python3.10/site-packages/segurito_production
[4.350s] copying /home/neverdiedooms/ros2_ws/build/segurito_production/build/lib/segurito_production/static_laser_tf.py -> /home/neverdiedooms/ros2_ws/install/segurito_production/lib/python3.10/site-packages/segurito_production
[4.351s] copying /home/neverdiedooms/ros2_ws/build/segurito_production/build/lib/segurito_production/odometria_node.py -> /home/neverdiedooms/ros2_ws/install/segurito_production/lib/python3.10/site-packages/segurito_production
[4.351s] copying /home/neverdiedooms/ros2_ws/build/segurito_production/build/lib/segurito_production/imu_node.py -> /home/neverdiedooms/ros2_ws/install/segurito_production/lib/python3.10/site-packages/segurito_production
[4.354s] byte-compiling /home/neverdiedooms/ros2_ws/install/segurito_production/lib/python3.10/site-packages/segurito_production/__init__.py to __init__.cpython-310.pyc
[4.356s] byte-compiling /home/neverdiedooms/ros2_ws/install/segurito_production/lib/python3.10/site-packages/segurito_production/drive_base.py to drive_base.cpython-310.pyc
[4.361s] byte-compiling /home/neverdiedooms/ros2_ws/install/segurito_production/lib/python3.10/site-packages/segurito_production/static_laser_tf.py to static_laser_tf.cpython-310.pyc
[4.363s] byte-compiling /home/neverdiedooms/ros2_ws/install/segurito_production/lib/python3.10/site-packages/segurito_production/odometria_node.py to odometria_node.cpython-310.pyc
[4.368s] byte-compiling /home/neverdiedooms/ros2_ws/install/segurito_production/lib/python3.10/site-packages/segurito_production/imu_node.py to imu_node.cpython-310.pyc
[4.372s] running install_data
[4.373s] creating /home/neverdiedooms/ros2_ws/install/segurito_production/share/ament_index
[4.374s] creating /home/neverdiedooms/ros2_ws/install/segurito_production/share/ament_index/resource_index
[4.375s] creating /home/neverdiedooms/ros2_ws/install/segurito_production/share/ament_index/resource_index/packages
[4.375s] copying resource/segurito_production -> /home/neverdiedooms/ros2_ws/install/segurito_production/share/ament_index/resource_index/packages
[4.376s] copying package.xml -> /home/neverdiedooms/ros2_ws/install/segurito_production/share/segurito_production
[4.377s] creating /home/neverdiedooms/ros2_ws/install/segurito_production/share/segurito_production/launch
[4.377s] copying launch/mapping_launch.py -> /home/neverdiedooms/ros2_ws/install/segurito_production/share/segurito_production/launch
[4.378s] creating /home/neverdiedooms/ros2_ws/install/segurito_production/share/segurito_production/config
[4.379s] copying config/ekf.yaml -> /home/neverdiedooms/ros2_ws/install/segurito_production/share/segurito_production/config
[4.380s] copying config/nav2_params.yaml -> /home/neverdiedooms/ros2_ws/install/segurito_production/share/segurito_production/config
[4.384s] copying config/slam_localization.yaml -> /home/neverdiedooms/ros2_ws/install/segurito_production/share/segurito_production/config
[4.386s] copying config/slam_mapping.yaml -> /home/neverdiedooms/ros2_ws/install/segurito_production/share/segurito_production/config
[4.387s] copying config/nav2_params copy.yaml -> /home/neverdiedooms/ros2_ws/install/segurito_production/share/segurito_production/config
[4.387s] copying config/dummy_map.yaml -> /home/neverdiedooms/ros2_ws/install/segurito_production/share/segurito_production/config
[4.388s] copying config/dummy.pgm -> /home/neverdiedooms/ros2_ws/install/segurito_production/share/segurito_production/config
[4.388s] creating /home/neverdiedooms/ros2_ws/install/segurito_production/share/segurito_production/maps
[4.389s] running install_egg_info
[4.394s] Copying ../../build/segurito_production/segurito_production.egg-info to /home/neverdiedooms/ros2_ws/install/segurito_production/lib/python3.10/site-packages/segurito_production-0.0.0-py3.10.egg-info
[4.401s] running install_scripts
[4.497s] Installing drive_base script to /home/neverdiedooms/ros2_ws/install/segurito_production/lib/segurito_production
[4.498s] Installing imu_node script to /home/neverdiedooms/ros2_ws/install/segurito_production/lib/segurito_production
[4.499s] Installing odometria script to /home/neverdiedooms/ros2_ws/install/segurito_production/lib/segurito_production
[4.500s] Installing static_laser_tf script to /home/neverdiedooms/ros2_ws/install/segurito_production/lib/segurito_production
[4.502s] writing list of installed files to '/home/neverdiedooms/ros2_ws/build/segurito_production/install.log'
[4.633s] Invoked command in '/home/neverdiedooms/ros2_ws/src/segurito_production' returned '0': PYTHONPATH=/home/neverdiedooms/ros2_ws/build/segurito_production/prefix_override:/usr/lib/python3/dist-packages/colcon_core/task/python/colcon_distutils_commands:/home/neverdiedooms/ros2_ws/install/segurito_production/lib/python3.10/site-packages:${PYTHONPATH} /usr/bin/python3 -W ignore:setup.py install is deprecated -W ignore:easy_install command is deprecated setup.py egg_info --egg-base ../../build/segurito_production build --build-base /home/neverdiedooms/ros2_ws/build/segurito_production/build install --record /home/neverdiedooms/ros2_ws/build/segurito_production/install.log --single-version-externally-managed install_data
