[0.507s] DEBUG:colcon:Command line arguments: ['/usr/bin/colcon', 'build']
[0.507s] DEBUG:colcon:Parsed command line arguments: Namespace(log_base=None, log_level=None, verb_name='build', build_base='build', install_base='install', merge_install=False, symlink_install=False, test_result_base=None, continue_on_error=False, executor='parallel', parallel_workers=4, event_handlers=None, ignore_user_meta=False, metas=['./colcon.meta'], base_paths=['.'], packages_ignore=None, packages_ignore_regex=None, paths=None, packages_up_to=None, packages_up_to_regex=None, packages_above=None, packages_above_and_dependencies=None, packages_above_depth=None, packages_select_by_dep=None, packages_skip_by_dep=None, packages_skip_up_to=None, packages_select_build_failed=False, packages_skip_build_finished=False, packages_select_test_failures=False, packages_skip_test_passed=False, packages_select=None, packages_skip=None, packages_select_regex=None, packages_skip_regex=None, packages_start=None, packages_end=None, allow_overriding=[], cmake_args=None, cmake_target=None, cmake_target_skip_unavailable=False, cmake_clean_cache=False, cmake_clean_first=False, cmake_force_configure=False, ament_cmake_args=None, catkin_cmake_args=None, catkin_skip_building_tests=False, mixin_files=None, mixin=None, verb_parser=<colcon_mixin.mixin.mixin_argument.MixinArgumentDecorator object at 0xffffa737c880>, verb_extension=<colcon_core.verb.build.BuildVerb object at 0xffffa7495780>, main=<bound method BuildVerb.main of <colcon_core.verb.build.BuildVerb object at 0xffffa7495780>>, mixin_verb=('build',))
[1.335s] Level 1:colcon.colcon_core.package_discovery:discover_packages(colcon_meta) check parameters
[1.335s] Level 1:colcon.colcon_core.package_discovery:discover_packages(recursive) check parameters
[1.336s] Level 1:colcon.colcon_core.package_discovery:discover_packages(ignore) check parameters
[1.336s] Level 1:colcon.colcon_core.package_discovery:discover_packages(path) check parameters
[1.336s] Level 1:colcon.colcon_core.package_discovery:discover_packages(colcon_meta) discover
[1.336s] Level 1:colcon.colcon_core.package_discovery:discover_packages(recursive) discover
[1.336s] INFO:colcon.colcon_core.package_discovery:Crawling recursively for packages in '/home/neverdiedooms/ros2_ws'
[1.337s] Level 1:colcon.colcon_core.package_identification:_identify(.) by extensions ['ignore', 'ignore_ament_install']
[1.337s] Level 1:colcon.colcon_core.package_identification:_identify(.) by extension 'ignore'
[1.338s] Level 1:colcon.colcon_core.package_identification:_identify(.) by extension 'ignore_ament_install'
[1.338s] Level 1:colcon.colcon_core.package_identification:_identify(.) by extensions ['colcon_pkg']
[1.338s] Level 1:colcon.colcon_core.package_identification:_identify(.) by extension 'colcon_pkg'
[1.338s] Level 1:colcon.colcon_core.package_identification:_identify(.) by extensions ['colcon_meta']
[1.338s] Level 1:colcon.colcon_core.package_identification:_identify(.) by extension 'colcon_meta'
[1.339s] Level 1:colcon.colcon_core.package_identification:_identify(.) by extensions ['ros']
[1.339s] Level 1:colcon.colcon_core.package_identification:_identify(.) by extension 'ros'
[1.392s] Level 1:colcon.colcon_core.package_identification:_identify(.) by extensions ['cmake', 'python']
[1.392s] Level 1:colcon.colcon_core.package_identification:_identify(.) by extension 'cmake'
[1.392s] Level 1:colcon.colcon_core.package_identification:_identify(.) by extension 'python'
[1.392s] Level 1:colcon.colcon_core.package_identification:_identify(.) by extensions ['python_setup_py']
[1.392s] Level 1:colcon.colcon_core.package_identification:_identify(.) by extension 'python_setup_py'
[1.393s] Level 1:colcon.colcon_core.package_identification:_identify(build) by extensions ['ignore', 'ignore_ament_install']
[1.393s] Level 1:colcon.colcon_core.package_identification:_identify(build) by extension 'ignore'
[1.394s] Level 1:colcon.colcon_core.package_identification:_identify(build) ignored
[1.394s] Level 1:colcon.colcon_core.package_identification:_identify(install) by extensions ['ignore', 'ignore_ament_install']
[1.395s] Level 1:colcon.colcon_core.package_identification:_identify(install) by extension 'ignore'
[1.395s] Level 1:colcon.colcon_core.package_identification:_identify(install) ignored
[1.396s] Level 1:colcon.colcon_core.package_identification:_identify(log) by extensions ['ignore', 'ignore_ament_install']
[1.396s] Level 1:colcon.colcon_core.package_identification:_identify(log) by extension 'ignore'
[1.397s] Level 1:colcon.colcon_core.package_identification:_identify(log) ignored
[1.397s] Level 1:colcon.colcon_core.package_identification:_identify(src) by extensions ['ignore', 'ignore_ament_install']
[1.397s] Level 1:colcon.colcon_core.package_identification:_identify(src) by extension 'ignore'
[1.398s] Level 1:colcon.colcon_core.package_identification:_identify(src) by extension 'ignore_ament_install'
[1.398s] Level 1:colcon.colcon_core.package_identification:_identify(src) by extensions ['colcon_pkg']
[1.398s] Level 1:colcon.colcon_core.package_identification:_identify(src) by extension 'colcon_pkg'
[1.398s] Level 1:colcon.colcon_core.package_identification:_identify(src) by extensions ['colcon_meta']
[1.398s] Level 1:colcon.colcon_core.package_identification:_identify(src) by extension 'colcon_meta'
[1.399s] Level 1:colcon.colcon_core.package_identification:_identify(src) by extensions ['ros']
[1.399s] Level 1:colcon.colcon_core.package_identification:_identify(src) by extension 'ros'
[1.399s] Level 1:colcon.colcon_core.package_identification:_identify(src) by extensions ['cmake', 'python']
[1.399s] Level 1:colcon.colcon_core.package_identification:_identify(src) by extension 'cmake'
[1.400s] Level 1:colcon.colcon_core.package_identification:_identify(src) by extension 'python'
[1.400s] Level 1:colcon.colcon_core.package_identification:_identify(src) by extensions ['python_setup_py']
[1.400s] Level 1:colcon.colcon_core.package_identification:_identify(src) by extension 'python_setup_py'
[1.400s] Level 1:colcon.colcon_core.package_identification:_identify(src/segurito_production) by extensions ['ignore', 'ignore_ament_install']
[1.401s] Level 1:colcon.colcon_core.package_identification:_identify(src/segurito_production) by extension 'ignore'
[1.401s] Level 1:colcon.colcon_core.package_identification:_identify(src/segurito_production) by extension 'ignore_ament_install'
[1.401s] Level 1:colcon.colcon_core.package_identification:_identify(src/segurito_production) by extensions ['colcon_pkg']
[1.402s] Level 1:colcon.colcon_core.package_identification:_identify(src/segurito_production) by extension 'colcon_pkg'
[1.402s] Level 1:colcon.colcon_core.package_identification:_identify(src/segurito_production) by extensions ['colcon_meta']
[1.402s] Level 1:colcon.colcon_core.package_identification:_identify(src/segurito_production) by extension 'colcon_meta'
[1.402s] Level 1:colcon.colcon_core.package_identification:_identify(src/segurito_production) by extensions ['ros']
[1.402s] Level 1:colcon.colcon_core.package_identification:_identify(src/segurito_production) by extension 'ros'
[1.412s] DEBUG:colcon.colcon_core.package_identification:Package 'src/segurito_production' with type 'ros.ament_python' and name 'segurito_production'
[1.412s] Level 1:colcon.colcon_core.package_discovery:discover_packages(recursive) using defaults
[1.413s] Level 1:colcon.colcon_core.package_discovery:discover_packages(ignore) discover
[1.413s] Level 1:colcon.colcon_core.package_discovery:discover_packages(ignore) using defaults
[1.413s] Level 1:colcon.colcon_core.package_discovery:discover_packages(path) discover
[1.413s] Level 1:colcon.colcon_core.package_discovery:discover_packages(path) using defaults
[1.498s] Level 1:colcon.colcon_core.package_discovery:discover_packages(prefix_path) check parameters
[1.498s] Level 1:colcon.colcon_core.package_discovery:discover_packages(prefix_path) discover
[1.504s] WARNING:colcon.colcon_ros.prefix_path.ament:The path '/home/neverdiedooms/ros2_ws/install/segurito_production' in the environment variable AMENT_PREFIX_PATH doesn't exist
[1.509s] DEBUG:colcon.colcon_installed_package_information.package_discovery:Found 1 installed packages in /home/neverdiedooms/explore_ws/install
[1.512s] DEBUG:colcon.colcon_installed_package_information.package_discovery:Found 1 installed packages in /home/neverdiedooms/ros2_ws/install
[1.521s] DEBUG:colcon.colcon_installed_package_information.package_discovery:Found 241 installed packages in /opt/ros/humble
[1.532s] Level 1:colcon.colcon_core.package_discovery:discover_packages(prefix_path) using defaults
[1.725s] Level 5:colcon.colcon_core.verb:set package 'segurito_production' build argument 'cmake_args' from command line to 'None'
[1.726s] Level 5:colcon.colcon_core.verb:set package 'segurito_production' build argument 'cmake_target' from command line to 'None'
[1.726s] Level 5:colcon.colcon_core.verb:set package 'segurito_production' build argument 'cmake_target_skip_unavailable' from command line to 'False'
[1.726s] Level 5:colcon.colcon_core.verb:set package 'segurito_production' build argument 'cmake_clean_cache' from command line to 'False'
[1.726s] Level 5:colcon.colcon_core.verb:set package 'segurito_production' build argument 'cmake_clean_first' from command line to 'False'
[1.726s] Level 5:colcon.colcon_core.verb:set package 'segurito_production' build argument 'cmake_force_configure' from command line to 'False'
[1.726s] Level 5:colcon.colcon_core.verb:set package 'segurito_production' build argument 'ament_cmake_args' from command line to 'None'
[1.726s] Level 5:colcon.colcon_core.verb:set package 'segurito_production' build argument 'catkin_cmake_args' from command line to 'None'
[1.727s] Level 5:colcon.colcon_core.verb:set package 'segurito_production' build argument 'catkin_skip_building_tests' from command line to 'False'
[1.727s] DEBUG:colcon.colcon_core.verb:Building package 'segurito_production' with the following arguments: {'ament_cmake_args': None, 'build_base': '/home/neverdiedooms/ros2_ws/build/segurito_production', 'catkin_cmake_args': None, 'catkin_skip_building_tests': False, 'cmake_args': None, 'cmake_clean_cache': False, 'cmake_clean_first': False, 'cmake_force_configure': False, 'cmake_target': None, 'cmake_target_skip_unavailable': False, 'install_base': '/home/neverdiedooms/ros2_ws/install/segurito_production', 'merge_install': False, 'path': '/home/neverdiedooms/ros2_ws/src/segurito_production', 'symlink_install': False, 'test_result_base': None}
[1.727s] INFO:colcon.colcon_core.executor:Executing jobs using 'parallel' executor
[1.731s] DEBUG:colcon.colcon_parallel_executor.executor.parallel:run_until_complete
[1.732s] INFO:colcon.colcon_ros.task.ament_python.build:Building ROS package in '/home/neverdiedooms/ros2_ws/src/segurito_production' with build type 'ament_python'
[1.733s] Level 1:colcon.colcon_core.shell:create_environment_hook('segurito_production', 'ament_prefix_path')
[1.743s] INFO:colcon.colcon_core.plugin_system:Skipping extension 'colcon_core.shell.bat': Not used on non-Windows systems
[1.744s] INFO:colcon.colcon_core.shell:Creating environment hook '/home/neverdiedooms/ros2_ws/install/segurito_production/share/segurito_production/hook/ament_prefix_path.ps1'
[1.747s] INFO:colcon.colcon_core.shell:Creating environment descriptor '/home/neverdiedooms/ros2_ws/install/segurito_production/share/segurito_production/hook/ament_prefix_path.dsv'
[1.750s] INFO:colcon.colcon_core.shell:Creating environment hook '/home/neverdiedooms/ros2_ws/install/segurito_production/share/segurito_production/hook/ament_prefix_path.sh'
[1.753s] INFO:colcon.colcon_core.shell:Skip shell extension 'powershell' for command environment: Not usable outside of PowerShell
[1.754s] DEBUG:colcon.colcon_core.shell:Skip shell extension 'dsv' for command environment
[3.004s] INFO:colcon.colcon_core.task.python.build:Building Python package in '/home/neverdiedooms/ros2_ws/src/segurito_production'
[3.005s] INFO:colcon.colcon_core.shell:Skip shell extension 'powershell' for command environment: Not usable outside of PowerShell
[3.006s] DEBUG:colcon.colcon_core.shell:Skip shell extension 'dsv' for command environment
[4.748s] DEBUG:colcon.colcon_core.event_handler.log_command:Invoking command in '/home/neverdiedooms/ros2_ws/src/segurito_production': PYTHONPATH=/home/neverdiedooms/ros2_ws/build/segurito_production/prefix_override:/usr/lib/python3/dist-packages/colcon_core/task/python/colcon_distutils_commands:/home/neverdiedooms/ros2_ws/install/segurito_production/lib/python3.10/site-packages:${PYTHONPATH} /usr/bin/python3 -W ignore:setup.py install is deprecated -W ignore:easy_install command is deprecated setup.py egg_info --egg-base ../../build/segurito_production build --build-base /home/neverdiedooms/ros2_ws/build/segurito_production/build install --record /home/neverdiedooms/ros2_ws/build/segurito_production/install.log --single-version-externally-managed install_data
[6.190s] DEBUG:colcon.colcon_core.event_handler.log_command:Invoked command in '/home/neverdiedooms/ros2_ws/src/segurito_production' returned '0': PYTHONPATH=/home/neverdiedooms/ros2_ws/build/segurito_production/prefix_override:/usr/lib/python3/dist-packages/colcon_core/task/python/colcon_distutils_commands:/home/neverdiedooms/ros2_ws/install/segurito_production/lib/python3.10/site-packages:${PYTHONPATH} /usr/bin/python3 -W ignore:setup.py install is deprecated -W ignore:easy_install command is deprecated setup.py egg_info --egg-base ../../build/segurito_production build --build-base /home/neverdiedooms/ros2_ws/build/segurito_production/build install --record /home/neverdiedooms/ros2_ws/build/segurito_production/install.log --single-version-externally-managed install_data
[6.203s] Level 1:colcon.colcon_core.environment:checking '/home/neverdiedooms/ros2_ws/install/segurito_production' for CMake module files
[6.207s] Level 1:colcon.colcon_core.environment:checking '/home/neverdiedooms/ros2_ws/install/segurito_production' for CMake config files
[6.212s] Level 1:colcon.colcon_core.environment:checking '/home/neverdiedooms/ros2_ws/install/segurito_production/lib'
[6.214s] Level 1:colcon.colcon_core.environment:checking '/home/neverdiedooms/ros2_ws/install/segurito_production/bin'
[6.214s] Level 1:colcon.colcon_core.environment:checking '/home/neverdiedooms/ros2_ws/install/segurito_production/lib/pkgconfig/segurito_production.pc'
[6.216s] Level 1:colcon.colcon_core.environment:checking '/home/neverdiedooms/ros2_ws/install/segurito_production/lib/python3.10/site-packages'
[6.216s] Level 1:colcon.colcon_core.shell:create_environment_hook('segurito_production', 'pythonpath')
[6.217s] INFO:colcon.colcon_core.shell:Creating environment hook '/home/neverdiedooms/ros2_ws/install/segurito_production/share/segurito_production/hook/pythonpath.ps1'
[6.220s] INFO:colcon.colcon_core.shell:Creating environment descriptor '/home/neverdiedooms/ros2_ws/install/segurito_production/share/segurito_production/hook/pythonpath.dsv'
[6.222s] INFO:colcon.colcon_core.shell:Creating environment hook '/home/neverdiedooms/ros2_ws/install/segurito_production/share/segurito_production/hook/pythonpath.sh'
[6.224s] Level 1:colcon.colcon_core.environment:checking '/home/neverdiedooms/ros2_ws/install/segurito_production/bin'
[6.225s] Level 1:colcon.colcon_core.environment:create_environment_scripts_only(segurito_production)
[6.226s] INFO:colcon.colcon_core.shell:Creating package script '/home/neverdiedooms/ros2_ws/install/segurito_production/share/segurito_production/package.ps1'
[6.230s] INFO:colcon.colcon_core.shell:Creating package descriptor '/home/neverdiedooms/ros2_ws/install/segurito_production/share/segurito_production/package.dsv'
[6.233s] INFO:colcon.colcon_core.shell:Creating package script '/home/neverdiedooms/ros2_ws/install/segurito_production/share/segurito_production/package.sh'
[6.236s] INFO:colcon.colcon_core.shell:Creating package script '/home/neverdiedooms/ros2_ws/install/segurito_production/share/segurito_production/package.bash'
[6.240s] INFO:colcon.colcon_core.shell:Creating package script '/home/neverdiedooms/ros2_ws/install/segurito_production/share/segurito_production/package.zsh'
[6.243s] Level 1:colcon.colcon_core.environment:create_file_with_runtime_dependencies(/home/neverdiedooms/ros2_ws/install/segurito_production/share/colcon-core/packages/segurito_production)
[6.244s] DEBUG:colcon.colcon_parallel_executor.executor.parallel:closing loop
[6.246s] DEBUG:colcon.colcon_parallel_executor.executor.parallel:loop closed
[6.247s] DEBUG:colcon.colcon_parallel_executor.executor.parallel:run_until_complete finished with '0'
[6.247s] DEBUG:colcon.colcon_core.event_reactor:joining thread
[6.269s] INFO:colcon.colcon_core.plugin_system:Skipping extension 'colcon_notification.desktop_notification.notify_send': Could not find 'notify-send'
[6.270s] INFO:colcon.colcon_core.plugin_system:Skipping extension 'colcon_notification.desktop_notification.terminal_notifier': Not used on non-Darwin systems
[6.270s] INFO:colcon.colcon_core.plugin_system:Skipping extension 'colcon_notification.desktop_notification.win32': Not used on non-Windows systems
[6.270s] INFO:colcon.colcon_notification.desktop_notification:Sending desktop notification using 'notify2'
[6.273s] DEBUG:colcon.colcon_notification.desktop_notification.notify2:Failed to initialize notify2: org.freedesktop.DBus.Error.ServiceUnknown: The name org.freedesktop.Notifications was not provided by any .service files
[6.274s] DEBUG:colcon.colcon_core.event_reactor:joined thread
[6.275s] INFO:colcon.colcon_core.shell:Creating prefix script '/home/neverdiedooms/ros2_ws/install/local_setup.ps1'
[6.279s] INFO:colcon.colcon_core.shell:Creating prefix util module '/home/neverdiedooms/ros2_ws/install/_local_setup_util_ps1.py'
[6.288s] INFO:colcon.colcon_core.shell:Creating prefix chain script '/home/neverdiedooms/ros2_ws/install/setup.ps1'
[6.294s] INFO:colcon.colcon_core.shell:Creating prefix script '/home/neverdiedooms/ros2_ws/install/local_setup.sh'
[6.296s] INFO:colcon.colcon_core.shell:Creating prefix util module '/home/neverdiedooms/ros2_ws/install/_local_setup_util_sh.py'
[6.300s] INFO:colcon.colcon_core.shell:Creating prefix chain script '/home/neverdiedooms/ros2_ws/install/setup.sh'
[6.305s] INFO:colcon.colcon_core.shell:Creating prefix script '/home/neverdiedooms/ros2_ws/install/local_setup.bash'
[6.308s] INFO:colcon.colcon_core.shell:Creating prefix chain script '/home/neverdiedooms/ros2_ws/install/setup.bash'
[6.313s] INFO:colcon.colcon_core.shell:Creating prefix script '/home/neverdiedooms/ros2_ws/install/local_setup.zsh'
[6.316s] INFO:colcon.colcon_core.shell:Creating prefix chain script '/home/neverdiedooms/ros2_ws/install/setup.zsh'
