[3.288s] Invoking command in '/home/neverdiedooms/ros2_ws/src/segurito_production': PYTHONPATH=/home/neverdiedooms/ros2_ws/build/segurito_production/prefix_override:/usr/lib/python3/dist-packages/colcon_core/task/python/colcon_distutils_commands:/home/neverdiedooms/ros2_ws/install/segurito_production/lib/python3.10/site-packages:${PYTHONPATH} /usr/bin/python3 -W ignore:setup.py install is deprecated -W ignore:easy_install command is deprecated setup.py egg_info --egg-base ../../build/segurito_production build --build-base /home/neverdiedooms/ros2_ws/build/segurito_production/build install --record /home/neverdiedooms/ros2_ws/build/segurito_production/install.log --single-version-externally-managed install_data
[4.915s] running egg_info
[4.918s] writing ../../build/segurito_production/segurito_production.egg-info/PKG-INFO
[4.919s] writing dependency_links to ../../build/segurito_production/segurito_production.egg-info/dependency_links.txt
[4.920s] writing entry points to ../../build/segurito_production/segurito_production.egg-info/entry_points.txt
[4.921s] writing requirements to ../../build/segurito_production/segurito_production.egg-info/requires.txt
[4.922s] writing top-level names to ../../build/segurito_production/segurito_production.egg-info/top_level.txt
[4.931s] reading manifest file '../../build/segurito_production/segurito_production.egg-info/SOURCES.txt'
[4.937s] writing manifest file '../../build/segurito_production/segurito_production.egg-info/SOURCES.txt'
[4.937s] running build
[4.938s] running build_py
[4.941s] running install
[4.942s] running install_lib
[4.950s] running install_data
[4.951s] copying launch/mapping_launch.py -> /home/neverdiedooms/ros2_ws/install/segurito_production/share/segurito_production/launch
[4.955s] running install_egg_info
[4.964s] removing '/home/neverdiedooms/ros2_ws/install/segurito_production/lib/python3.10/site-packages/segurito_production-0.0.0-py3.10.egg-info' (and everything under it)
[4.966s] Copying ../../build/segurito_production/segurito_production.egg-info to /home/neverdiedooms/ros2_ws/install/segurito_production/lib/python3.10/site-packages/segurito_production-0.0.0-py3.10.egg-info
[4.973s] running install_scripts
[5.065s] Installing drive_base script to /home/neverdiedooms/ros2_ws/install/segurito_production/lib/segurito_production
[5.066s] Installing imu_node script to /home/neverdiedooms/ros2_ws/install/segurito_production/lib/segurito_production
[5.067s] Installing odometria script to /home/neverdiedooms/ros2_ws/install/segurito_production/lib/segurito_production
[5.068s] Installing static_laser_tf script to /home/neverdiedooms/ros2_ws/install/segurito_production/lib/segurito_production
[5.071s] writing list of installed files to '/home/neverdiedooms/ros2_ws/build/segurito_production/install.log'
[5.186s] Invoked command in '/home/neverdiedooms/ros2_ws/src/segurito_production' returned '0': PYTHONPATH=/home/neverdiedooms/ros2_ws/build/segurito_production/prefix_override:/usr/lib/python3/dist-packages/colcon_core/task/python/colcon_distutils_commands:/home/neverdiedooms/ros2_ws/install/segurito_production/lib/python3.10/site-packages:${PYTHONPATH} /usr/bin/python3 -W ignore:setup.py install is deprecated -W ignore:easy_install command is deprecated setup.py egg_info --egg-base ../../build/segurito_production build --build-base /home/neverdiedooms/ros2_ws/build/segurito_production/build install --record /home/neverdiedooms/ros2_ws/build/segurito_production/install.log --single-version-externally-managed install_data
