[0.420s] Invoking command in '/home/neverdiedooms/explore_ws/src/nav2_wavefront_frontier_exploration': PYTHONPATH=/home/neverdiedooms/explore_ws/build/nav2_wfd/prefix_override:/usr/lib/python3/dist-packages/colcon_core/task/python/colcon_distutils_commands:/home/neverdiedooms/explore_ws/install/nav2_wfd/lib/python3.10/site-packages:${PYTHONPATH} /usr/bin/python3 -W ignore:setup.py install is deprecated -W ignore:easy_install command is deprecated setup.py egg_info --egg-base ../../build/nav2_wfd build --build-base /home/neverdiedooms/explore_ws/build/nav2_wfd/build install --record /home/neverdiedooms/explore_ws/build/nav2_wfd/install.log --install-scripts $base/lib/nav2_wfd --single-version-externally-managed install_data
[0.582s] /usr/lib/python3/dist-packages/setuptools/dist.py:723: UserWarning: Usage of dash-separated 'script-dir' will not be supported in future versions. Please use the underscore name 'script_dir' instead
[0.582s]   warnings.warn(
[0.588s] running egg_info
[0.589s] creating ../../build/nav2_wfd/nav2_wfd.egg-info
[0.589s] writing ../../build/nav2_wfd/nav2_wfd.egg-info/PKG-INFO
[0.589s] writing dependency_links to ../../build/nav2_wfd/nav2_wfd.egg-info/dependency_links.txt
[0.589s] writing entry points to ../../build/nav2_wfd/nav2_wfd.egg-info/entry_points.txt
[0.589s] writing requirements to ../../build/nav2_wfd/nav2_wfd.egg-info/requires.txt
[0.589s] writing top-level names to ../../build/nav2_wfd/nav2_wfd.egg-info/top_level.txt
[0.589s] writing manifest file '../../build/nav2_wfd/nav2_wfd.egg-info/SOURCES.txt'
[0.590s] reading manifest file '../../build/nav2_wfd/nav2_wfd.egg-info/SOURCES.txt'
[0.590s] adding license file 'LICENSE'
[0.591s] writing manifest file '../../build/nav2_wfd/nav2_wfd.egg-info/SOURCES.txt'
[0.591s] running build
[0.591s] running build_py
[0.591s] creating /home/neverdiedooms/explore_ws/build/nav2_wfd/build
[0.591s] creating /home/neverdiedooms/explore_ws/build/nav2_wfd/build/lib
[0.591s] creating /home/neverdiedooms/explore_ws/build/nav2_wfd/build/lib/nav2_wfd
[0.591s] copying nav2_wfd/__init__.py -> /home/neverdiedooms/explore_ws/build/nav2_wfd/build/lib/nav2_wfd
[0.591s] copying nav2_wfd/wavefront_frontier.py -> /home/neverdiedooms/explore_ws/build/nav2_wfd/build/lib/nav2_wfd
[0.591s] running install
[0.591s] running install_lib
[0.592s] creating /home/neverdiedooms/explore_ws/install/nav2_wfd/lib/python3.10/site-packages/nav2_wfd
[0.592s] copying /home/neverdiedooms/explore_ws/build/nav2_wfd/build/lib/nav2_wfd/__init__.py -> /home/neverdiedooms/explore_ws/install/nav2_wfd/lib/python3.10/site-packages/nav2_wfd
[0.592s] copying /home/neverdiedooms/explore_ws/build/nav2_wfd/build/lib/nav2_wfd/wavefront_frontier.py -> /home/neverdiedooms/explore_ws/install/nav2_wfd/lib/python3.10/site-packages/nav2_wfd
[0.592s] byte-compiling /home/neverdiedooms/explore_ws/install/nav2_wfd/lib/python3.10/site-packages/nav2_wfd/__init__.py to __init__.cpython-310.pyc
[0.592s] byte-compiling /home/neverdiedooms/explore_ws/install/nav2_wfd/lib/python3.10/site-packages/nav2_wfd/wavefront_frontier.py to wavefront_frontier.cpython-310.pyc
[0.596s] running install_data
[0.596s] creating /home/neverdiedooms/explore_ws/install/nav2_wfd/share/ament_index
[0.596s] creating /home/neverdiedooms/explore_ws/install/nav2_wfd/share/ament_index/resource_index
[0.596s] creating /home/neverdiedooms/explore_ws/install/nav2_wfd/share/ament_index/resource_index/packages
[0.596s] copying resource/nav2_wfd -> /home/neverdiedooms/explore_ws/install/nav2_wfd/share/ament_index/resource_index/packages
[0.596s] copying package.xml -> /home/neverdiedooms/explore_ws/install/nav2_wfd/share/nav2_wfd
[0.596s] running install_egg_info
[0.597s] Copying ../../build/nav2_wfd/nav2_wfd.egg-info to /home/neverdiedooms/explore_ws/install/nav2_wfd/lib/python3.10/site-packages/nav2_wfd-0.0.0-py3.10.egg-info
[0.598s] running install_scripts
[0.613s] Installing explore script to /home/neverdiedooms/explore_ws/install/nav2_wfd/lib/nav2_wfd
[0.613s] writing list of installed files to '/home/neverdiedooms/explore_ws/build/nav2_wfd/install.log'
[0.631s] Invoked command in '/home/neverdiedooms/explore_ws/src/nav2_wavefront_frontier_exploration' returned '0': PYTHONPATH=/home/neverdiedooms/explore_ws/build/nav2_wfd/prefix_override:/usr/lib/python3/dist-packages/colcon_core/task/python/colcon_distutils_commands:/home/neverdiedooms/explore_ws/install/nav2_wfd/lib/python3.10/site-packages:${PYTHONPATH} /usr/bin/python3 -W ignore:setup.py install is deprecated -W ignore:easy_install command is deprecated setup.py egg_info --egg-base ../../build/nav2_wfd build --build-base /home/neverdiedooms/explore_ws/build/nav2_wfd/build install --record /home/neverdiedooms/explore_ws/build/nav2_wfd/install.log --install-scripts $base/lib/nav2_wfd --single-version-externally-managed install_data
