[0.729s] DEBUG:colcon:Command line arguments: ['/usr/bin/colcon', 'build', '--symlink-install']
[0.730s] DEBUG:colcon:Parsed command line arguments: Namespace(log_base=None, log_level=None, verb_name='build', build_base='build', install_base='install', merge_install=False, symlink_install=True, test_result_base=None, continue_on_error=False, executor='parallel', parallel_workers=4, event_handlers=None, ignore_user_meta=False, metas=['./colcon.meta'], base_paths=['.'], packages_ignore=None, packages_ignore_regex=None, paths=None, packages_up_to=None, packages_up_to_regex=None, packages_above=None, packages_above_and_dependencies=None, packages_above_depth=None, packages_select_by_dep=None, packages_skip_by_dep=None, packages_skip_up_to=None, packages_select_build_failed=False, packages_skip_build_finished=False, packages_select_test_failures=False, packages_skip_test_passed=False, packages_select=None, packages_skip=None, packages_select_regex=None, packages_skip_regex=None, packages_start=None, packages_end=None, allow_overriding=[], cmake_args=None, cmake_target=None, cmake_target_skip_unavailable=False, cmake_clean_cache=False, cmake_clean_first=False, cmake_force_configure=False, ament_cmake_args=None, catkin_cmake_args=None, catkin_skip_building_tests=False, mixin_files=None, mixin=None, verb_parser=<colcon_mixin.mixin.mixin_argument.MixinArgumentDecorator object at 0xffffaf7c0850>, verb_extension=<colcon_core.verb.build.BuildVerb object at 0xffffaf8d5750>, main=<bound method BuildVerb.main of <colcon_core.verb.build.BuildVerb object at 0xffffaf8d5750>>, mixin_verb=('build',))
[1.979s] Level 1:colcon.colcon_core.package_discovery:discover_packages(colcon_meta) check parameters
[1.980s] Level 1:colcon.colcon_core.package_discovery:discover_packages(recursive) check parameters
[1.980s] Level 1:colcon.colcon_core.package_discovery:discover_packages(ignore) check parameters
[1.980s] Level 1:colcon.colcon_core.package_discovery:discover_packages(path) check parameters
[1.980s] Level 1:colcon.colcon_core.package_discovery:discover_packages(colcon_meta) discover
[1.981s] Level 1:colcon.colcon_core.package_discovery:discover_packages(recursive) discover
[1.981s] INFO:colcon.colcon_core.package_discovery:Crawling recursively for packages in '/home/neverdiedooms/ros2_ws'
[1.981s] Level 1:colcon.colcon_core.package_identification:_identify(.) by extensions ['ignore', 'ignore_ament_install']
[1.982s] Level 1:colcon.colcon_core.package_identification:_identify(.) by extension 'ignore'
[1.982s] Level 1:colcon.colcon_core.package_identification:_identify(.) by extension 'ignore_ament_install'
[1.983s] Level 1:colcon.colcon_core.package_identification:_identify(.) by extensions ['colcon_pkg']
[1.983s] Level 1:colcon.colcon_core.package_identification:_identify(.) by extension 'colcon_pkg'
[1.983s] Level 1:colcon.colcon_core.package_identification:_identify(.) by extensions ['colcon_meta']
[1.983s] Level 1:colcon.colcon_core.package_identification:_identify(.) by extension 'colcon_meta'
[1.983s] Level 1:colcon.colcon_core.package_identification:_identify(.) by extensions ['ros']
[1.984s] Level 1:colcon.colcon_core.package_identification:_identify(.) by extension 'ros'
[2.061s] Level 1:colcon.colcon_core.package_identification:_identify(.) by extensions ['cmake', 'python']
[2.062s] Level 1:colcon.colcon_core.package_identification:_identify(.) by extension 'cmake'
[2.062s] Level 1:colcon.colcon_core.package_identification:_identify(.) by extension 'python'
[2.062s] Level 1:colcon.colcon_core.package_identification:_identify(.) by extensions ['python_setup_py']
[2.062s] Level 1:colcon.colcon_core.package_identification:_identify(.) by extension 'python_setup_py'
[2.063s] Level 1:colcon.colcon_core.package_identification:_identify(build) by extensions ['ignore', 'ignore_ament_install']
[2.063s] Level 1:colcon.colcon_core.package_identification:_identify(build) by extension 'ignore'
[2.064s] Level 1:colcon.colcon_core.package_identification:_identify(build) ignored
[2.064s] Level 1:colcon.colcon_core.package_identification:_identify(install) by extensions ['ignore', 'ignore_ament_install']
[2.065s] Level 1:colcon.colcon_core.package_identification:_identify(install) by extension 'ignore'
[2.065s] Level 1:colcon.colcon_core.package_identification:_identify(install) ignored
[2.066s] Level 1:colcon.colcon_core.package_identification:_identify(log) by extensions ['ignore', 'ignore_ament_install']
[2.066s] Level 1:colcon.colcon_core.package_identification:_identify(log) by extension 'ignore'
[2.066s] Level 1:colcon.colcon_core.package_identification:_identify(log) ignored
[2.067s] Level 1:colcon.colcon_core.package_identification:_identify(src) by extensions ['ignore', 'ignore_ament_install']
[2.067s] Level 1:colcon.colcon_core.package_identification:_identify(src) by extension 'ignore'
[2.068s] Level 1:colcon.colcon_core.package_identification:_identify(src) by extension 'ignore_ament_install'
[2.068s] Level 1:colcon.colcon_core.package_identification:_identify(src) by extensions ['colcon_pkg']
[2.068s] Level 1:colcon.colcon_core.package_identification:_identify(src) by extension 'colcon_pkg'
[2.068s] Level 1:colcon.colcon_core.package_identification:_identify(src) by extensions ['colcon_meta']
[2.068s] Level 1:colcon.colcon_core.package_identification:_identify(src) by extension 'colcon_meta'
[2.069s] Level 1:colcon.colcon_core.package_identification:_identify(src) by extensions ['ros']
[2.069s] Level 1:colcon.colcon_core.package_identification:_identify(src) by extension 'ros'
[2.069s] Level 1:colcon.colcon_core.package_identification:_identify(src) by extensions ['cmake', 'python']
[2.069s] Level 1:colcon.colcon_core.package_identification:_identify(src) by extension 'cmake'
[2.070s] Level 1:colcon.colcon_core.package_identification:_identify(src) by extension 'python'
[2.070s] Level 1:colcon.colcon_core.package_identification:_identify(src) by extensions ['python_setup_py']
[2.070s] Level 1:colcon.colcon_core.package_identification:_identify(src) by extension 'python_setup_py'
[2.071s] Level 1:colcon.colcon_core.package_identification:_identify(src/segurito_production) by extensions ['ignore', 'ignore_ament_install']
[2.071s] Level 1:colcon.colcon_core.package_identification:_identify(src/segurito_production) by extension 'ignore'
[2.071s] Level 1:colcon.colcon_core.package_identification:_identify(src/segurito_production) by extension 'ignore_ament_install'
[2.071s] Level 1:colcon.colcon_core.package_identification:_identify(src/segurito_production) by extensions ['colcon_pkg']
[2.072s] Level 1:colcon.colcon_core.package_identification:_identify(src/segurito_production) by extension 'colcon_pkg'
[2.072s] Level 1:colcon.colcon_core.package_identification:_identify(src/segurito_production) by extensions ['colcon_meta']
[2.072s] Level 1:colcon.colcon_core.package_identification:_identify(src/segurito_production) by extension 'colcon_meta'
[2.072s] Level 1:colcon.colcon_core.package_identification:_identify(src/segurito_production) by extensions ['ros']
[2.072s] Level 1:colcon.colcon_core.package_identification:_identify(src/segurito_production) by extension 'ros'
[2.086s] DEBUG:colcon.colcon_core.package_identification:Package 'src/segurito_production' with type 'ros.ament_python' and name 'segurito_production'
[2.086s] Level 1:colcon.colcon_core.package_discovery:discover_packages(recursive) using defaults
[2.087s] Level 1:colcon.colcon_core.package_discovery:discover_packages(ignore) discover
[2.087s] Level 1:colcon.colcon_core.package_discovery:discover_packages(ignore) using defaults
[2.087s] Level 1:colcon.colcon_core.package_discovery:discover_packages(path) discover
[2.087s] Level 1:colcon.colcon_core.package_discovery:discover_packages(path) using defaults
[2.230s] Level 1:colcon.colcon_core.package_discovery:discover_packages(prefix_path) check parameters
[2.230s] Level 1:colcon.colcon_core.package_discovery:discover_packages(prefix_path) discover
[2.239s] WARNING:colcon.colcon_ros.prefix_path.ament:The path '/home/neverdiedooms/ros2_ws/install/segurito_production' in the environment variable AMENT_PREFIX_PATH doesn't exist
[2.248s] DEBUG:colcon.colcon_installed_package_information.package_discovery:Found 1 installed packages in /home/neverdiedooms/explore_ws/install
[2.251s] DEBUG:colcon.colcon_installed_package_information.package_discovery:Found 1 installed packages in /home/neverdiedooms/ros2_ws/install
[2.261s] DEBUG:colcon.colcon_installed_package_information.package_discovery:Found 241 installed packages in /opt/ros/humble
[2.271s] Level 1:colcon.colcon_core.package_discovery:discover_packages(prefix_path) using defaults
[2.473s] Level 5:colcon.colcon_core.verb:set package 'segurito_production' build argument 'cmake_args' from command line to 'None'
[2.473s] Level 5:colcon.colcon_core.verb:set package 'segurito_production' build argument 'cmake_target' from command line to 'None'
[2.473s] Level 5:colcon.colcon_core.verb:set package 'segurito_production' build argument 'cmake_target_skip_unavailable' from command line to 'False'
[2.473s] Level 5:colcon.colcon_core.verb:set package 'segurito_production' build argument 'cmake_clean_cache' from command line to 'False'
[2.473s] Level 5:colcon.colcon_core.verb:set package 'segurito_production' build argument 'cmake_clean_first' from command line to 'False'
[2.473s] Level 5:colcon.colcon_core.verb:set package 'segurito_production' build argument 'cmake_force_configure' from command line to 'False'
[2.474s] Level 5:colcon.colcon_core.verb:set package 'segurito_production' build argument 'ament_cmake_args' from command line to 'None'
[2.474s] Level 5:colcon.colcon_core.verb:set package 'segurito_production' build argument 'catkin_cmake_args' from command line to 'None'
[2.474s] Level 5:colcon.colcon_core.verb:set package 'segurito_production' build argument 'catkin_skip_building_tests' from command line to 'False'
[2.474s] DEBUG:colcon.colcon_core.verb:Building package 'segurito_production' with the following arguments: {'ament_cmake_args': None, 'build_base': '/home/neverdiedooms/ros2_ws/build/segurito_production', 'catkin_cmake_args': None, 'catkin_skip_building_tests': False, 'cmake_args': None, 'cmake_clean_cache': False, 'cmake_clean_first': False, 'cmake_force_configure': False, 'cmake_target': None, 'cmake_target_skip_unavailable': False, 'install_base': '/home/neverdiedooms/ros2_ws/install/segurito_production', 'merge_install': False, 'path': '/home/neverdiedooms/ros2_ws/src/segurito_production', 'symlink_install': True, 'test_result_base': None}
[2.475s] INFO:colcon.colcon_core.executor:Executing jobs using 'parallel' executor
[2.478s] DEBUG:colcon.colcon_parallel_executor.executor.parallel:run_until_complete
[2.479s] INFO:colcon.colcon_ros.task.ament_python.build:Building ROS package in '/home/neverdiedooms/ros2_ws/src/segurito_production' with build type 'ament_python'
[2.480s] Level 1:colcon.colcon_core.shell:create_environment_hook('segurito_production', 'ament_prefix_path')
[2.502s] INFO:colcon.colcon_core.plugin_system:Skipping extension 'colcon_core.shell.bat': Not used on non-Windows systems
[2.504s] INFO:colcon.colcon_core.shell:Creating environment hook '/home/neverdiedooms/ros2_ws/install/segurito_production/share/segurito_production/hook/ament_prefix_path.ps1'
[2.509s] INFO:colcon.colcon_core.shell:Creating environment descriptor '/home/neverdiedooms/ros2_ws/install/segurito_production/share/segurito_production/hook/ament_prefix_path.dsv'
[2.511s] INFO:colcon.colcon_core.shell:Creating environment hook '/home/neverdiedooms/ros2_ws/install/segurito_production/share/segurito_production/hook/ament_prefix_path.sh'
[2.516s] INFO:colcon.colcon_core.shell:Skip shell extension 'powershell' for command environment: Not usable outside of PowerShell
[2.516s] DEBUG:colcon.colcon_core.shell:Skip shell extension 'dsv' for command environment
[3.820s] INFO:colcon.colcon_core.task.python.build:Building Python package in '/home/neverdiedooms/ros2_ws/src/segurito_production'
[3.821s] INFO:colcon.colcon_core.shell:Skip shell extension 'powershell' for command environment: Not usable outside of PowerShell
[3.821s] DEBUG:colcon.colcon_core.shell:Skip shell extension 'dsv' for command environment
[6.160s] DEBUG:colcon.colcon_core.event_handler.log_command:Invoking command in '/home/neverdiedooms/ros2_ws/build/segurito_production': PYTHONPATH=/home/neverdiedooms/ros2_ws/build/segurito_production/prefix_override:/usr/lib/python3/dist-packages/colcon_core/task/python/colcon_distutils_commands:/home/neverdiedooms/ros2_ws/install/segurito_production/lib/python3.10/site-packages:${PYTHONPATH} /usr/bin/python3 -W ignore:setup.py install is deprecated -W ignore:easy_install command is deprecated setup.py develop --editable --build-directory /home/neverdiedooms/ros2_ws/build/segurito_production/build --no-deps symlink_data
[8.369s] Level 1:colcon.colcon_core.shell:create_environment_hook('segurito_production', 'pythonpath_develop')
[8.371s] INFO:colcon.colcon_core.shell:Creating environment hook '/home/neverdiedooms/ros2_ws/build/segurito_production/share/segurito_production/hook/pythonpath_develop.ps1'
[8.372s] DEBUG:colcon.colcon_core.event_handler.log_command:Invoked command in '/home/neverdiedooms/ros2_ws/build/segurito_production' returned '0': PYTHONPATH=/home/neverdiedooms/ros2_ws/build/segurito_production/prefix_override:/usr/lib/python3/dist-packages/colcon_core/task/python/colcon_distutils_commands:/home/neverdiedooms/ros2_ws/install/segurito_production/lib/python3.10/site-packages:${PYTHONPATH} /usr/bin/python3 -W ignore:setup.py install is deprecated -W ignore:easy_install command is deprecated setup.py develop --editable --build-directory /home/neverdiedooms/ros2_ws/build/segurito_production/build --no-deps symlink_data
[8.375s] INFO:colcon.colcon_core.shell:Creating environment descriptor '/home/neverdiedooms/ros2_ws/build/segurito_production/share/segurito_production/hook/pythonpath_develop.dsv'
[8.377s] INFO:colcon.colcon_core.shell:Creating environment hook '/home/neverdiedooms/ros2_ws/build/segurito_production/share/segurito_production/hook/pythonpath_develop.sh'
[8.406s] Level 1:colcon.colcon_core.environment:checking '/home/neverdiedooms/ros2_ws/install/segurito_production' for CMake module files
[8.409s] Level 1:colcon.colcon_core.environment:checking '/home/neverdiedooms/ros2_ws/install/segurito_production' for CMake config files
[8.414s] Level 1:colcon.colcon_core.environment:checking '/home/neverdiedooms/ros2_ws/install/segurito_production/lib'
[8.415s] Level 1:colcon.colcon_core.environment:checking '/home/neverdiedooms/ros2_ws/install/segurito_production/bin'
[8.416s] Level 1:colcon.colcon_core.environment:checking '/home/neverdiedooms/ros2_ws/install/segurito_production/lib/pkgconfig/segurito_production.pc'
[8.417s] Level 1:colcon.colcon_core.environment:checking '/home/neverdiedooms/ros2_ws/install/segurito_production/lib/python3.10/site-packages'
[8.417s] Level 1:colcon.colcon_core.shell:create_environment_hook('segurito_production', 'pythonpath')
[8.418s] INFO:colcon.colcon_core.shell:Creating environment hook '/home/neverdiedooms/ros2_ws/install/segurito_production/share/segurito_production/hook/pythonpath.ps1'
[8.420s] INFO:colcon.colcon_core.shell:Creating environment descriptor '/home/neverdiedooms/ros2_ws/install/segurito_production/share/segurito_production/hook/pythonpath.dsv'
[8.422s] INFO:colcon.colcon_core.shell:Creating environment hook '/home/neverdiedooms/ros2_ws/install/segurito_production/share/segurito_production/hook/pythonpath.sh'
[8.426s] Level 1:colcon.colcon_core.environment:checking '/home/neverdiedooms/ros2_ws/install/segurito_production/bin'
[8.426s] Level 1:colcon.colcon_core.environment:create_environment_scripts_only(segurito_production)
[8.428s] INFO:colcon.colcon_core.shell:Creating package script '/home/neverdiedooms/ros2_ws/install/segurito_production/share/segurito_production/package.ps1'
[8.433s] INFO:colcon.colcon_core.shell:Creating package descriptor '/home/neverdiedooms/ros2_ws/install/segurito_production/share/segurito_production/package.dsv'
[8.437s] INFO:colcon.colcon_core.shell:Creating package script '/home/neverdiedooms/ros2_ws/install/segurito_production/share/segurito_production/package.sh'
[8.441s] INFO:colcon.colcon_core.shell:Creating package script '/home/neverdiedooms/ros2_ws/install/segurito_production/share/segurito_production/package.bash'
[8.446s] INFO:colcon.colcon_core.shell:Creating package script '/home/neverdiedooms/ros2_ws/install/segurito_production/share/segurito_production/package.zsh'
[8.450s] Level 1:colcon.colcon_core.environment:create_file_with_runtime_dependencies(/home/neverdiedooms/ros2_ws/install/segurito_production/share/colcon-core/packages/segurito_production)
[8.452s] DEBUG:colcon.colcon_parallel_executor.executor.parallel:closing loop
[8.453s] DEBUG:colcon.colcon_parallel_executor.executor.parallel:loop closed
[8.454s] DEBUG:colcon.colcon_parallel_executor.executor.parallel:run_until_complete finished with '0'
[8.455s] DEBUG:colcon.colcon_core.event_reactor:joining thread
[8.483s] INFO:colcon.colcon_core.plugin_system:Skipping extension 'colcon_notification.desktop_notification.notify_send': Could not find 'notify-send'
[8.484s] INFO:colcon.colcon_core.plugin_system:Skipping extension 'colcon_notification.desktop_notification.terminal_notifier': Not used on non-Darwin systems
[8.484s] INFO:colcon.colcon_core.plugin_system:Skipping extension 'colcon_notification.desktop_notification.win32': Not used on non-Windows systems
[8.484s] INFO:colcon.colcon_notification.desktop_notification:Sending desktop notification using 'notify2'
[8.536s] DEBUG:colcon.colcon_notification.desktop_notification.notify2:Failed to initialize notify2: org.freedesktop.DBus.Error.ServiceUnknown: The name org.freedesktop.Notifications was not provided by any .service files
[8.537s] DEBUG:colcon.colcon_core.event_reactor:joined thread
[8.538s] INFO:colcon.colcon_core.shell:Creating prefix script '/home/neverdiedooms/ros2_ws/install/local_setup.ps1'
[8.544s] INFO:colcon.colcon_core.shell:Creating prefix util module '/home/neverdiedooms/ros2_ws/install/_local_setup_util_ps1.py'
[8.553s] INFO:colcon.colcon_core.shell:Creating prefix chain script '/home/neverdiedooms/ros2_ws/install/setup.ps1'
[8.560s] INFO:colcon.colcon_core.shell:Creating prefix script '/home/neverdiedooms/ros2_ws/install/local_setup.sh'
[8.564s] INFO:colcon.colcon_core.shell:Creating prefix util module '/home/neverdiedooms/ros2_ws/install/_local_setup_util_sh.py'
[8.567s] INFO:colcon.colcon_core.shell:Creating prefix chain script '/home/neverdiedooms/ros2_ws/install/setup.sh'
[8.573s] INFO:colcon.colcon_core.shell:Creating prefix script '/home/neverdiedooms/ros2_ws/install/local_setup.bash'
[8.577s] INFO:colcon.colcon_core.shell:Creating prefix chain script '/home/neverdiedooms/ros2_ws/install/setup.bash'
[8.583s] INFO:colcon.colcon_core.shell:Creating prefix script '/home/neverdiedooms/ros2_ws/install/local_setup.zsh'
[8.586s] INFO:colcon.colcon_core.shell:Creating prefix chain script '/home/neverdiedooms/ros2_ws/install/setup.zsh'
