running develop
running egg_info
creating segurito_production.egg-info
writing segurito_production.egg-info/PKG-INFO
writing dependency_links to segurito_production.egg-info/dependency_links.txt
writing entry points to segurito_production.egg-info/entry_points.txt
writing requirements to segurito_production.egg-info/requires.txt
writing top-level names to segurito_production.egg-info/top_level.txt
writing manifest file 'segurito_production.egg-info/SOURCES.txt'
reading manifest file 'segurito_production.egg-info/SOURCES.txt'
writing manifest file 'segurito_production.egg-info/SOURCES.txt'
running build_ext
Creating /home/neverdiedooms/ros2_ws/install/segurito_production/lib/python3.10/site-packages/segurito-production.egg-link (link to .)
Installing drive_base script to /home/neverdiedooms/ros2_ws/install/segurito_production/lib/segurito_production
Installing imu_node script to /home/neverdiedooms/ros2_ws/install/segurito_production/lib/segurito_production
Installing odometria script to /home/neverdiedooms/ros2_ws/install/segurito_production/lib/segurito_production
Installing static_laser_tf script to /home/neverdiedooms/ros2_ws/install/segurito_production/lib/segurito_production

Installed /home/neverdiedooms/ros2_ws/build/segurito_production
running symlink_data
creating /home/neverdiedooms/ros2_ws/install/segurito_production/share/ament_index
creating /home/neverdiedooms/ros2_ws/install/segurito_production/share/ament_index/resource_index
creating /home/neverdiedooms/ros2_ws/install/segurito_production/share/ament_index/resource_index/packages
symbolically linking /home/neverdiedooms/ros2_ws/build/segurito_production/resource/segurito_production -> /home/neverdiedooms/ros2_ws/install/segurito_production/share/ament_index/resource_index/packages
symbolically linking /home/neverdiedooms/ros2_ws/build/segurito_production/package.xml -> /home/neverdiedooms/ros2_ws/install/segurito_production/share/segurito_production
creating /home/neverdiedooms/ros2_ws/install/segurito_production/share/segurito_production/launch
symbolically linking /home/neverdiedooms/ros2_ws/build/segurito_production/launch/mapping_launch.py -> /home/neverdiedooms/ros2_ws/install/segurito_production/share/segurito_production/launch
creating /home/neverdiedooms/ros2_ws/install/segurito_production/share/segurito_production/config
symbolically linking /home/neverdiedooms/ros2_ws/build/segurito_production/config/ekf.yaml -> /home/neverdiedooms/ros2_ws/install/segurito_production/share/segurito_production/config
symbolically linking /home/neverdiedooms/ros2_ws/build/segurito_production/config/nav2_params.yaml -> /home/neverdiedooms/ros2_ws/install/segurito_production/share/segurito_production/config
symbolically linking /home/neverdiedooms/ros2_ws/build/segurito_production/config/dummy_map.yaml -> /home/neverdiedooms/ros2_ws/install/segurito_production/share/segurito_production/config
symbolically linking /home/neverdiedooms/ros2_ws/build/segurito_production/config/dummy.pgm -> /home/neverdiedooms/ros2_ws/install/segurito_production/share/segurito_production/config
creating /home/neverdiedooms/ros2_ws/install/segurito_production/share/segurito_production/maps
