[0.440s] Invoking command in '/home/neverdiedooms/ros2_ws/build/segurito_production': PYTHONPATH=/home/neverdiedooms/ros2_ws/build/segurito_production/prefix_override:/usr/lib/python3/dist-packages/colcon_core/task/python/colcon_distutils_commands:/home/neverdiedooms/ros2_ws/install/segurito_production/lib/python3.10/site-packages:${PYTHONPATH} /usr/bin/python3 -W ignore:setup.py install is deprecated -W ignore:easy_install command is deprecated setup.py develop --editable --build-directory /home/neverdiedooms/ros2_ws/build/segurito_production/build --no-deps symlink_data
[0.640s] running develop
[0.752s] running egg_info
[0.752s] creating segurito_production.egg-info
[0.752s] writing segurito_production.egg-info/PKG-INFO
[0.752s] writing dependency_links to segurito_production.egg-info/dependency_links.txt
[0.752s] writing entry points to segurito_production.egg-info/entry_points.txt
[0.753s] writing requirements to segurito_production.egg-info/requires.txt
[0.753s] writing top-level names to segurito_production.egg-info/top_level.txt
[0.753s] writing manifest file 'segurito_production.egg-info/SOURCES.txt'
[0.754s] reading manifest file 'segurito_production.egg-info/SOURCES.txt'
[0.754s] writing manifest file 'segurito_production.egg-info/SOURCES.txt'
[0.755s] running build_ext
[0.755s] Creating /home/neverdiedooms/ros2_ws/install/segurito_production/lib/python3.10/site-packages/segurito-production.egg-link (link to .)
[0.756s] Installing drive_base script to /home/neverdiedooms/ros2_ws/install/segurito_production/lib/segurito_production
[0.756s] Installing imu_node script to /home/neverdiedooms/ros2_ws/install/segurito_production/lib/segurito_production
[0.756s] Installing odometria script to /home/neverdiedooms/ros2_ws/install/segurito_production/lib/segurito_production
[0.756s] Installing static_laser_tf script to /home/neverdiedooms/ros2_ws/install/segurito_production/lib/segurito_production
[0.757s] 
[0.757s] Installed /home/neverdiedooms/ros2_ws/build/segurito_production
[0.757s] running symlink_data
[0.757s] creating /home/neverdiedooms/ros2_ws/install/segurito_production/share/ament_index
[0.757s] creating /home/neverdiedooms/ros2_ws/install/segurito_production/share/ament_index/resource_index
[0.757s] creating /home/neverdiedooms/ros2_ws/install/segurito_production/share/ament_index/resource_index/packages
[0.757s] symbolically linking /home/neverdiedooms/ros2_ws/build/segurito_production/resource/segurito_production -> /home/neverdiedooms/ros2_ws/install/segurito_production/share/ament_index/resource_index/packages
[0.757s] symbolically linking /home/neverdiedooms/ros2_ws/build/segurito_production/package.xml -> /home/neverdiedooms/ros2_ws/install/segurito_production/share/segurito_production
[0.757s] creating /home/neverdiedooms/ros2_ws/install/segurito_production/share/segurito_production/launch
[0.757s] symbolically linking /home/neverdiedooms/ros2_ws/build/segurito_production/launch/mapping_launch.py -> /home/neverdiedooms/ros2_ws/install/segurito_production/share/segurito_production/launch
[0.757s] creating /home/neverdiedooms/ros2_ws/install/segurito_production/share/segurito_production/config
[0.757s] symbolically linking /home/neverdiedooms/ros2_ws/build/segurito_production/config/ekf.yaml -> /home/neverdiedooms/ros2_ws/install/segurito_production/share/segurito_production/config
[0.757s] symbolically linking /home/neverdiedooms/ros2_ws/build/segurito_production/config/nav2_params.yaml -> /home/neverdiedooms/ros2_ws/install/segurito_production/share/segurito_production/config
[0.757s] symbolically linking /home/neverdiedooms/ros2_ws/build/segurito_production/config/dummy_map.yaml -> /home/neverdiedooms/ros2_ws/install/segurito_production/share/segurito_production/config
[0.757s] symbolically linking /home/neverdiedooms/ros2_ws/build/segurito_production/config/dummy.pgm -> /home/neverdiedooms/ros2_ws/install/segurito_production/share/segurito_production/config
[0.757s] creating /home/neverdiedooms/ros2_ws/install/segurito_production/share/segurito_production/maps
[0.778s] Invoked command in '/home/neverdiedooms/ros2_ws/build/segurito_production' returned '0': PYTHONPATH=/home/neverdiedooms/ros2_ws/build/segurito_production/prefix_override:/usr/lib/python3/dist-packages/colcon_core/task/python/colcon_distutils_commands:/home/neverdiedooms/ros2_ws/install/segurito_production/lib/python3.10/site-packages:${PYTHONPATH} /usr/bin/python3 -W ignore:setup.py install is deprecated -W ignore:easy_install command is deprecated setup.py develop --editable --build-directory /home/neverdiedooms/ros2_ws/build/segurito_production/build --no-deps symlink_data
