running egg_info
writing ../../build/segurito_production/segurito_production.egg-info/PKG-INFO
writing dependency_links to ../../build/segurito_production/segurito_production.egg-info/dependency_links.txt
writing entry points to ../../build/segurito_production/segurito_production.egg-info/entry_points.txt
writing requirements to ../../build/segurito_production/segurito_production.egg-info/requires.txt
writing top-level names to ../../build/segurito_production/segurito_production.egg-info/top_level.txt
reading manifest file '../../build/segurito_production/segurito_production.egg-info/SOURCES.txt'
writing manifest file '../../build/segurito_production/segurito_production.egg-info/SOURCES.txt'
running build
running build_py
copying segurito_production/odometria_node.py -> /home/neverdiedooms/ros2_ws/build/segurito_production/build/lib/segurito_production
running install
running install_lib
copying /home/neverdiedooms/ros2_ws/build/segurito_production/build/lib/segurito_production/odometria_node.py -> /home/neverdiedooms/ros2_ws/install/segurito_production/lib/python3.10/site-packages/segurito_production
byte-compiling /home/neverdiedooms/ros2_ws/install/segurito_production/lib/python3.10/site-packages/segurito_production/drive_base.py to drive_base.cpython-310.pyc
byte-compiling /home/neverdiedooms/ros2_ws/install/segurito_production/lib/python3.10/site-packages/segurito_production/static_laser_tf.py to static_laser_tf.cpython-310.pyc
byte-compiling /home/neverdiedooms/ros2_ws/install/segurito_production/lib/python3.10/site-packages/segurito_production/odometria_node.py to odometria_node.cpython-310.pyc
byte-compiling /home/neverdiedooms/ros2_ws/install/segurito_production/lib/python3.10/site-packages/segurito_production/imu_node.py to imu_node.cpython-310.pyc
running install_data
copying launch/mapping_launch.py -> /home/neverdiedooms/ros2_ws/install/segurito_production/share/segurito_production/launch
running install_egg_info
removing '/home/neverdiedooms/ros2_ws/install/segurito_production/lib/python3.10/site-packages/segurito_production-0.0.0-py3.10.egg-info' (and everything under it)
Copying ../../build/segurito_production/segurito_production.egg-info to /home/neverdiedooms/ros2_ws/install/segurito_production/lib/python3.10/site-packages/segurito_production-0.0.0-py3.10.egg-info
running install_scripts
Installing drive_base script to /home/neverdiedooms/ros2_ws/install/segurito_production/lib/segurito_production
Installing imu_node script to /home/neverdiedooms/ros2_ws/install/segurito_production/lib/segurito_production
Installing odometria script to /home/neverdiedooms/ros2_ws/install/segurito_production/lib/segurito_production
Installing static_laser_tf script to /home/neverdiedooms/ros2_ws/install/segurito_production/lib/segurito_production
writing list of installed files to '/home/neverdiedooms/ros2_ws/build/segurito_production/install.log'
